0 info it worked if it ends with ok
1 verbose cli [ 'node',
1 verbose cli   '/usr/local/bin/npm',
1 verbose cli   'install',
1 verbose cli   '-g',
1 verbose cli   'connect',
1 verbose cli   'serve-static',
1 verbose cli   '--save-dev' ]
2 info using npm@2.11.3
3 info using node@v0.12.7
4 verbose install initial load of /usr/local/lib/package.json
5 verbose readDependencies loading dependencies from /usr/local/lib/package.json
6 silly cache add args [ 'connect', null ]
7 verbose cache add spec connect
8 silly cache add args [ 'serve-static', null ]
9 verbose cache add spec serve-static
10 silly cache add parsed spec { raw: 'connect',
10 silly cache add   scope: null,
10 silly cache add   name: 'connect',
10 silly cache add   rawSpec: '',
10 silly cache add   spec: '*',
10 silly cache add   type: 'range' }
11 silly addNamed connect@*
12 verbose addNamed "*" is a valid semver range for connect
13 silly addNameRange { name: 'connect', range: '*', hasData: false }
14 silly mapToRegistry name connect
15 silly mapToRegistry using default registry
16 silly mapToRegistry registry https://registry.npmjs.org/
17 silly mapToRegistry uri https://registry.npmjs.org/connect
18 verbose addNameRange registry:https://registry.npmjs.org/connect not in flight; fetching
19 silly cache add parsed spec { raw: 'serve-static',
19 silly cache add   scope: null,
19 silly cache add   name: 'serve-static',
19 silly cache add   rawSpec: '',
19 silly cache add   spec: '*',
19 silly cache add   type: 'range' }
20 silly addNamed serve-static@*
21 verbose addNamed "*" is a valid semver range for serve-static
22 silly addNameRange { name: 'serve-static', range: '*', hasData: false }
23 silly mapToRegistry name serve-static
24 silly mapToRegistry using default registry
25 silly mapToRegistry registry https://registry.npmjs.org/
26 silly mapToRegistry uri https://registry.npmjs.org/serve-static
27 verbose addNameRange registry:https://registry.npmjs.org/serve-static not in flight; fetching
28 verbose get https://registry.npmjs.org/serve-static not expired, no request
29 silly addNameRange number 2 { name: 'serve-static', range: '*', hasData: true }
30 silly addNameRange versions [ 'serve-static',
30 silly addNameRange   [ '1.0.0',
30 silly addNameRange     '1.0.1',
30 silly addNameRange     '1.0.2',
30 silly addNameRange     '1.0.3',
30 silly addNameRange     '1.0.4',
30 silly addNameRange     '1.1.0',
30 silly addNameRange     '1.2.0',
30 silly addNameRange     '1.2.1',
30 silly addNameRange     '1.2.2',
30 silly addNameRange     '1.2.3',
30 silly addNameRange     '1.3.0',
30 silly addNameRange     '1.3.1',
30 silly addNameRange     '1.3.2',
30 silly addNameRange     '1.4.0',
30 silly addNameRange     '1.4.1',
30 silly addNameRange     '1.4.2',
30 silly addNameRange     '1.4.3',
30 silly addNameRange     '1.4.4',
30 silly addNameRange     '1.5.0',
30 silly addNameRange     '1.5.1',
30 silly addNameRange     '1.5.2',
30 silly addNameRange     '1.5.3',
30 silly addNameRange     '1.5.4',
30 silly addNameRange     '1.6.0',
30 silly addNameRange     '1.6.1',
30 silly addNameRange     '1.6.2',
30 silly addNameRange     '1.6.3',
30 silly addNameRange     '1.6.4',
30 silly addNameRange     '1.7.0',
30 silly addNameRange     '1.7.1',
30 silly addNameRange     '1.7.2',
30 silly addNameRange     '1.8.0',
30 silly addNameRange     '1.8.1',
30 silly addNameRange     '1.6.5',
30 silly addNameRange     '1.9.0',
30 silly addNameRange     '1.9.1',
30 silly addNameRange     '1.9.2',
30 silly addNameRange     '1.9.3',
30 silly addNameRange     '1.10.0' ] ]
31 silly addNamed serve-static@1.10.0
32 verbose addNamed "1.10.0" is a plain semver version for serve-static
33 verbose request uri https://registry.npmjs.org/connect
34 verbose request no auth needed
35 info attempt registry request try #1 at 9:08:04 AM
36 verbose request id 63d162abccaa677b
37 verbose etag "76E76DU90IALQDTCCZEV8F4J7"
38 http request GET https://registry.npmjs.org/connect
39 silly cache afterAdd serve-static@1.10.0
40 verbose afterAdd /Users/Nasz/.npm/serve-static/1.10.0/package/package.json not in flight; writing
41 verbose afterAdd /Users/Nasz/.npm/serve-static/1.10.0/package/package.json written
42 http 304 https://registry.npmjs.org/connect
43 silly get cb [ 304,
43 silly get   { date: 'Sun, 30 Aug 2015 16:08:04 GMT',
43 silly get     via: '1.1 varnish',
43 silly get     'cache-control': 'max-age=60',
43 silly get     etag: '"76E76DU90IALQDTCCZEV8F4J7"',
43 silly get     age: '15',
43 silly get     connection: 'keep-alive',
43 silly get     'x-served-by': 'cache-sjc3131-SJC',
43 silly get     'x-cache': 'HIT',
43 silly get     'x-cache-hits': '1',
43 silly get     'x-timer': 'S1440950884.159963,VS0,VE2',
43 silly get     vary: 'Accept' } ]
44 verbose etag https://registry.npmjs.org/connect from cache
45 verbose get saving connect to /Users/Nasz/.npm/registry.npmjs.org/connect/.cache.json
46 silly addNameRange number 2 { name: 'connect', range: '*', hasData: true }
47 silly addNameRange versions [ 'connect',
47 silly addNameRange   [ '0.0.1',
47 silly addNameRange     '0.0.2',
47 silly addNameRange     '0.0.3',
47 silly addNameRange     '0.0.4',
47 silly addNameRange     '0.0.5',
47 silly addNameRange     '0.0.6',
47 silly addNameRange     '0.1.0',
47 silly addNameRange     '0.2.0',
47 silly addNameRange     '0.2.1',
47 silly addNameRange     '0.2.2',
47 silly addNameRange     '0.2.3',
47 silly addNameRange     '0.2.4',
47 silly addNameRange     '0.2.5',
47 silly addNameRange     '0.2.6',
47 silly addNameRange     '0.2.7',
47 silly addNameRange     '0.3.0',
47 silly addNameRange     '0.4.0',
47 silly addNameRange     '0.5.0',
47 silly addNameRange     '0.5.1',
47 silly addNameRange     '0.5.2',
47 silly addNameRange     '0.5.3',
47 silly addNameRange     '0.5.4',
47 silly addNameRange     '0.5.5',
47 silly addNameRange     '0.5.6',
47 silly addNameRange     '0.5.7',
47 silly addNameRange     '0.5.8',
47 silly addNameRange     '0.5.9',
47 silly addNameRange     '0.5.10',
47 silly addNameRange     '1.0.0',
47 silly addNameRange     '1.0.1',
47 silly addNameRange     '1.0.2',
47 silly addNameRange     '1.0.3',
47 silly addNameRange     '1.0.4',
47 silly addNameRange     '1.0.5',
47 silly addNameRange     '1.0.6',
47 silly addNameRange     '1.1.0',
47 silly addNameRange     '1.1.1',
47 silly addNameRange     '1.1.2',
47 silly addNameRange     '1.1.3',
47 silly addNameRange     '1.1.4',
47 silly addNameRange     '1.1.5',
47 silly addNameRange     '1.2.0',
47 silly addNameRange     '1.2.1',
47 silly addNameRange     '1.2.2',
47 silly addNameRange     '1.2.3',
47 silly addNameRange     '1.3.0',
47 silly addNameRange     '1.4.0',
47 silly addNameRange     '1.4.1',
47 silly addNameRange     '1.4.2',
47 silly addNameRange     '1.4.3',
47 silly addNameRange     '1.4.4',
47 silly addNameRange     '1.4.5',
47 silly addNameRange     '1.4.6',
47 silly addNameRange     '1.5.0',
47 silly addNameRange     '1.5.1',
47 silly addNameRange     '1.5.2',
47 silly addNameRange     '1.6.0',
47 silly addNameRange     '1.6.1',
47 silly addNameRange     '1.6.2',
47 silly addNameRange     '1.6.3',
47 silly addNameRange     '1.6.4',
47 silly addNameRange     '1.7.0',
47 silly addNameRange     '1.7.1',
47 silly addNameRange     '1.7.2',
47 silly addNameRange     '1.7.3',
47 silly addNameRange     '1.8.0',
47 silly addNameRange     '1.8.1',
47 silly addNameRange     '1.8.2',
47 silly addNameRange     '1.8.3',
47 silly addNameRange     '1.8.4',
47 silly addNameRange     '1.8.5',
47 silly addNameRange     '2.0.0',
47 silly addNameRange     '2.0.1',
47 silly addNameRange     '2.0.2',
47 silly addNameRange     '2.0.3',
47 silly addNameRange     '1.8.6',
47 silly addNameRange     '2.1.0',
47 silly addNameRange     '2.1.1',
47 silly addNameRange     '2.1.2',
47 silly addNameRange     '1.8.7',
47 silly addNameRange     '2.1.3',
47 silly addNameRange     '2.2.0',
47 silly addNameRange     '2.2.1',
47 silly addNameRange     '2.2.2',
47 silly addNameRange     '2.3.0',
47 silly addNameRange     '2.3.1',
47 silly addNameRange     '2.3.2',
47 silly addNameRange     '2.3.3',
47 silly addNameRange     '1.9.0',
47 silly addNameRange     '1.9.1',
47 silly addNameRange     '2.3.4',
47 silly addNameRange     '2.3.5',
47 silly addNameRange     '2.3.6',
47 silly addNameRange     '2.3.7',
47 silly addNameRange     '1.9.2',
47 silly addNameRange     '2.3.8',
47 silly addNameRange     '2.3.9',
47 silly addNameRange     '2.4.0',
47 silly addNameRange     '2.4.1',
47 silly addNameRange     '2.4.2',
47 silly addNameRange     '2.4.3',
47 silly addNameRange     '2.4.4',
47 silly addNameRange     '2.4.5',
47 silly addNameRange     '2.4.6',
47 silly addNameRange     '2.5.0',
47 silly addNameRange     '2.6.0',
47 silly addNameRange     '2.6.1',
47 silly addNameRange     '2.6.2',
47 silly addNameRange     '2.7.0',
47 silly addNameRange     '2.7.1',
47 silly addNameRange     '2.7.2',
47 silly addNameRange     '2.7.3',
47 silly addNameRange     '2.7.4',
47 silly addNameRange     '2.7.5',
47 silly addNameRange     '2.7.6',
47 silly addNameRange     '2.7.7',
47 silly addNameRange     '2.7.8',
47 silly addNameRange     '2.7.9',
47 silly addNameRange     '2.7.10',
47 silly addNameRange     '2.7.11',
47 silly addNameRange     '2.8.0',
47 silly addNameRange     '2.8.1',
47 silly addNameRange     '2.8.2',
47 silly addNameRange     '2.8.3',
47 silly addNameRange     '2.8.4',
47 silly addNameRange     '2.8.5',
47 silly addNameRange     '2.8.6',
47 silly addNameRange     '2.8.7',
47 silly addNameRange     '2.8.8',
47 silly addNameRange     '2.9.0',
47 silly addNameRange     '2.9.1',
47 silly addNameRange     '2.9.2',
47 silly addNameRange     '2.10.0',
47 silly addNameRange     '2.10.1',
47 silly addNameRange     '2.11.0',
47 silly addNameRange     '2.11.1',
47 silly addNameRange     '2.11.2',
47 silly addNameRange     '2.12.0',
47 silly addNameRange     '2.13.0',
47 silly addNameRange     '2.13.1',
47 silly addNameRange     '2.14.0',
47 silly addNameRange     '2.14.1',
47 silly addNameRange     '3.0.0-rc.1',
47 silly addNameRange     '2.14.2',
47 silly addNameRange     '2.14.3',
47 silly addNameRange     '2.14.4',
47 silly addNameRange     '2.14.5',
47 silly addNameRange     '2.15.0',
47 silly addNameRange     '3.0.0-rc.2',
47 silly addNameRange     '2.16.0',
47 silly addNameRange     '2.16.1',
47 silly addNameRange     '2.16.2',
47 silly addNameRange     '2.17.0',
47 silly addNameRange     '2.17.1',
47 silly addNameRange     '2.17.2',
47 silly addNameRange     '2.17.3',
47 silly addNameRange     '2.18.0',
47 silly addNameRange     '3.0.0',
47 silly addNameRange     '2.19.0',
47 silly addNameRange     '2.19.1',
47 silly addNameRange     '2.19.2',
47 silly addNameRange     '2.19.3',
47 silly addNameRange     '2.19.4',
47 silly addNameRange     '2.19.5',
47 silly addNameRange     '2.19.6',
47 silly addNameRange     '2.20.0',
47 silly addNameRange     '2.20.1',
47 silly addNameRange     '2.20.2',
47 silly addNameRange     '3.0.1',
47 silly addNameRange     '2.21.0',
47 silly addNameRange     '2.21.1',
47 silly addNameRange     '2.22.0',
47 silly addNameRange     '2.23.0',
47 silly addNameRange     '3.0.2',
47 silly addNameRange     '2.24.0',
47 silly addNameRange     '3.1.0',
47 silly addNameRange     '2.24.1',
47 silly addNameRange     '2.24.2',
47 silly addNameRange     '2.24.3',
47 silly addNameRange     '2.25.0',
47 silly addNameRange     '2.25.1',
47 silly addNameRange     '2.25.2',
47 silly addNameRange     '2.25.3',
47 silly addNameRange     '2.25.4',
47 silly addNameRange     '3.1.1',
47 silly addNameRange     '2.25.5',
47 silly addNameRange     '2.25.6',
47 silly addNameRange     '2.25.7',
47 silly addNameRange     '2.25.8',
47 silly addNameRange     '2.25.9',
47 silly addNameRange     '2.25.10',
47 silly addNameRange     '2.26.0',
47 silly addNameRange     '3.2.0',
47 silly addNameRange     '2.26.1',
47 silly addNameRange     '2.26.2',
47 silly addNameRange     '2.26.3',
47 silly addNameRange     '2.26.4',
47 silly addNameRange     '2.26.5',
47 silly addNameRange     '2.26.6',
47 silly addNameRange     '2.27.0',
47 silly addNameRange     '3.3.0',
47 silly addNameRange     '2.27.1',
47 silly addNameRange     '3.3.1',
47 silly addNameRange     '2.27.2',
47 silly addNameRange     '3.3.2',
47 silly addNameRange     '2.27.3',
47 silly addNameRange     '3.3.3',
47 silly addNameRange     '2.27.4',
47 silly addNameRange     '2.27.5',
47 silly addNameRange     '2.27.6',
47 silly addNameRange     '2.28.0',
47 silly addNameRange     '3.3.4',
47 silly addNameRange     '2.28.1',
47 silly addNameRange     '2.28.2',
47 silly addNameRange     '2.28.3',
47 silly addNameRange     '2.29.0',
47 silly addNameRange     '2.29.1',
47 silly addNameRange     '3.3.5',
47 silly addNameRange     '2.29.2',
47 silly addNameRange     '2.30.0',
47 silly addNameRange     '3.4.0',
47 silly addNameRange     '2.30.1',
47 silly addNameRange     '2.30.2' ] ]
48 silly addNamed connect@3.4.0
49 verbose addNamed "3.4.0" is a plain semver version for connect
50 silly cache afterAdd connect@3.4.0
51 verbose afterAdd /Users/Nasz/.npm/connect/3.4.0/package/package.json not in flight; writing
52 verbose afterAdd /Users/Nasz/.npm/connect/3.4.0/package/package.json written
53 silly install resolved [ { name: 'serve-static',
53 silly install resolved     description: 'Serve static files',
53 silly install resolved     version: '1.10.0',
53 silly install resolved     author:
53 silly install resolved      { name: 'Douglas Christopher Wilson',
53 silly install resolved        email: 'doug@somethingdoug.com' },
53 silly install resolved     license: 'MIT',
53 silly install resolved     repository:
53 silly install resolved      { type: 'git',
53 silly install resolved        url: 'git+https://github.com/expressjs/serve-static.git' },
53 silly install resolved     dependencies: { 'escape-html': '1.0.2', parseurl: '~1.3.0', send: '0.13.0' },
53 silly install resolved     devDependencies: { istanbul: '0.3.9', mocha: '2.2.5', supertest: '1.0.1' },
53 silly install resolved     files: [ 'LICENSE', 'HISTORY.md', 'index.js' ],
53 silly install resolved     engines: { node: '>= 0.8.0' },
53 silly install resolved     scripts:
53 silly install resolved      { test: 'mocha --reporter spec --bail --check-leaks test/',
53 silly install resolved        'test-ci': 'istanbul cover node_modules/mocha/bin/_mocha --report lcovonly -- --reporter spec --check-leaks test/',
53 silly install resolved        'test-cov': 'istanbul cover node_modules/mocha/bin/_mocha -- --reporter dot --check-leaks test/' },
53 silly install resolved     gitHead: '856c5e0f796a8988525c356018594bfb8c51a4fa',
53 silly install resolved     bugs: { url: 'https://github.com/expressjs/serve-static/issues' },
53 silly install resolved     homepage: 'https://github.com/expressjs/serve-static',
53 silly install resolved     _id: 'serve-static@1.10.0',
53 silly install resolved     _shasum: 'be632faa685820e4a43ed3df1379135cc4f370d7',
53 silly install resolved     _from: 'serve-static@*',
53 silly install resolved     _npmVersion: '1.4.28',
53 silly install resolved     _npmUser: { name: 'dougwilson', email: 'doug@somethingdoug.com' },
53 silly install resolved     maintainers: [ [Object], [Object], [Object], [Object], [Object], [Object] ],
53 silly install resolved     dist:
53 silly install resolved      { shasum: 'be632faa685820e4a43ed3df1379135cc4f370d7',
53 silly install resolved        tarball: 'http://registry.npmjs.org/serve-static/-/serve-static-1.10.0.tgz' },
53 silly install resolved     directories: {},
53 silly install resolved     _resolved: 'https://registry.npmjs.org/serve-static/-/serve-static-1.10.0.tgz',
53 silly install resolved     readme: 'ERROR: No README data found!' },
53 silly install resolved   { name: 'connect',
53 silly install resolved     description: 'High performance middleware framework',
53 silly install resolved     version: '3.4.0',
53 silly install resolved     author:
53 silly install resolved      { name: 'TJ Holowaychuk',
53 silly install resolved        email: 'tj@vision-media.ca',
53 silly install resolved        url: 'http://tjholowaychuk.com' },
53 silly install resolved     contributors: [ [Object], [Object], [Object] ],
53 silly install resolved     keywords: [ 'framework', 'web', 'middleware', 'connect', 'rack' ],
53 silly install resolved     repository:
53 silly install resolved      { type: 'git',
53 silly install resolved        url: 'git+https://github.com/senchalabs/connect.git' },
53 silly install resolved     dependencies:
53 silly install resolved      { debug: '~2.2.0',
53 silly install resolved        finalhandler: '0.4.0',
53 silly install resolved        parseurl: '~1.3.0',
53 silly install resolved        'utils-merge': '1.0.0' },
53 silly install resolved     devDependencies:
53 silly install resolved      { istanbul: '0.3.15',
53 silly install resolved        mocha: '2.2.5',
53 silly install resolved        should: '6.0.3',
53 silly install resolved        supertest: '1.0.1' },
53 silly install resolved     license: 'MIT',
53 silly install resolved     files: [ 'LICENSE', 'History.md', 'Readme.md', 'index.js' ],
53 silly install resolved     engines: { node: '>= 0.10.0' },
53 silly install resolved     scripts:
53 silly install resolved      { test: 'mocha --require test/support/env --reporter spec --bail --check-leaks test/',
53 silly install resolved        'test-cov': 'istanbul cover node_modules/mocha/bin/_mocha -- --require test/support/env --reporter dot --check-leaks test/',
53 silly install resolved        'test-travis': 'istanbul cover node_modules/mocha/bin/_mocha --report lcovonly -- --require test/support/env --reporter spec --check-leaks test/' },
53 silly install resolved     gitHead: '18ea8ff464ce65d1250365aed305e4632e99f8f3',
53 silly install resolved     bugs: { url: 'https://github.com/senchalabs/connect/issues' },
53 silly install resolved     homepage: 'https://github.com/senchalabs/connect',
53 silly install resolved     _id: 'connect@3.4.0',
53 silly install resolved     _shasum: 'ee8789a3bd4604bfda39dbcf1d3bb482dfe6cf24',
53 silly install resolved     _from: 'connect@*',
53 silly install resolved     _npmVersion: '1.4.28',
53 silly install resolved     _npmUser: { name: 'dougwilson', email: 'doug@somethingdoug.com' },
53 silly install resolved     maintainers: [ [Object], [Object], [Object], [Object] ],
53 silly install resolved     dist:
53 silly install resolved      { shasum: 'ee8789a3bd4604bfda39dbcf1d3bb482dfe6cf24',
53 silly install resolved        tarball: 'http://registry.npmjs.org/connect/-/connect-3.4.0.tgz' },
53 silly install resolved     directories: {},
53 silly install resolved     _resolved: 'https://registry.npmjs.org/connect/-/connect-3.4.0.tgz',
53 silly install resolved     readme: 'ERROR: No README data found!' } ]
54 info install serve-static@1.10.0 into /usr/local/lib
55 info install connect@3.4.0 into /usr/local/lib
56 info installOne serve-static@1.10.0
57 verbose installOne of serve-static to /usr/local/lib not in flight; installing
58 info installOne connect@3.4.0
59 verbose installOne of connect to /usr/local/lib not in flight; installing
60 verbose lock using /Users/Nasz/.npm/_locks/serve-static-a8cd6f368969e3d3.lock for /usr/local/lib/node_modules/serve-static
61 verbose lock using /Users/Nasz/.npm/_locks/connect-9154972f4f2e425b.lock for /usr/local/lib/node_modules/connect
62 silly install write writing serve-static 1.10.0 to /usr/local/lib/node_modules/serve-static
63 silly install write writing connect 3.4.0 to /usr/local/lib/node_modules/connect
64 verbose unbuild lib/node_modules/connect
65 verbose unbuild lib/node_modules/serve-static
66 silly gentlyRm /usr/local/lib/node_modules/connect is being purged from base /usr/local
67 verbose gentlyRm don't care about contents; nuking /usr/local/lib/node_modules/connect
68 silly gentlyRm /usr/local/lib/node_modules/serve-static is being purged from base /usr/local
69 verbose gentlyRm don't care about contents; nuking /usr/local/lib/node_modules/serve-static
70 verbose tar unpack /Users/Nasz/.npm/connect/3.4.0/package.tgz
71 verbose tar unpacking to /usr/local/lib/node_modules/connect
72 silly gentlyRm /usr/local/lib/node_modules/connect is being purged
73 verbose gentlyRm don't care about contents; nuking /usr/local/lib/node_modules/connect
74 verbose tar unpack /Users/Nasz/.npm/serve-static/1.10.0/package.tgz
75 verbose tar unpacking to /usr/local/lib/node_modules/serve-static
76 silly gentlyRm /usr/local/lib/node_modules/serve-static is being purged
77 verbose gentlyRm don't care about contents; nuking /usr/local/lib/node_modules/serve-static
78 silly gunzTarPerm modes [ '755', '644' ]
79 silly gunzTarPerm modes [ '755', '644' ]
80 error tar.unpack untar error /Users/Nasz/.npm/serve-static/1.10.0/package.tgz
81 error tar.unpack untar error /Users/Nasz/.npm/connect/3.4.0/package.tgz
82 verbose unlock done using /Users/Nasz/.npm/_locks/serve-static-a8cd6f368969e3d3.lock for /usr/local/lib/node_modules/serve-static
83 verbose unlock done using /Users/Nasz/.npm/_locks/connect-9154972f4f2e425b.lock for /usr/local/lib/node_modules/connect
84 verbose fstream_path /usr/local/lib/node_modules/serve-static
85 verbose fstream_type Directory
86 verbose fstream_class DirWriter
87 verbose stack Error: EACCES, mkdir '/usr/local/lib/node_modules/serve-static'
87 verbose stack     at Error (native)
88 verbose fstream_stack /usr/local/lib/node_modules/npm/node_modules/fstream/lib/dir-writer.js:35:25
88 verbose fstream_stack /usr/local/lib/node_modules/npm/node_modules/mkdirp/index.js:47:53
88 verbose fstream_stack FSReqWrap.oncomplete (fs.js:95:15)
89 verbose cwd /Users/macNasz/Sites/Website/m-rest/app/ui
90 error Darwin 14.1.0
91 error argv "node" "/usr/local/bin/npm" "install" "-g" "connect" "serve-static" "--save-dev"
92 error node v0.12.7
93 error npm  v2.11.3
94 error path /usr/local/lib/node_modules/serve-static
95 error code EACCES
96 error errno -13
97 error Error: EACCES, mkdir '/usr/local/lib/node_modules/serve-static'
97 error     at Error (native)
97 error  { [Error: EACCES, mkdir '/usr/local/lib/node_modules/serve-static']
97 error   errno: -13,
97 error   code: 'EACCES',
97 error   path: '/usr/local/lib/node_modules/serve-static',
97 error   fstream_type: 'Directory',
97 error   fstream_path: '/usr/local/lib/node_modules/serve-static',
97 error   fstream_class: 'DirWriter',
97 error   fstream_stack:
97 error    [ '/usr/local/lib/node_modules/npm/node_modules/fstream/lib/dir-writer.js:35:25',
97 error      '/usr/local/lib/node_modules/npm/node_modules/mkdirp/index.js:47:53',
97 error      'FSReqWrap.oncomplete (fs.js:95:15)' ] }
98 error Please try running this command again as root/Administrator.
99 verbose exit [ -13, true ]
100 verbose unbuild lib/node_modules/serve-static
101 silly gentlyRm /usr/local/lib/node_modules/serve-static is being purged from base /usr/local
102 verbose gentlyRm don't care about contents; nuking /usr/local/lib/node_modules/serve-static
103 verbose unbuild lib/node_modules/connect
104 silly gentlyRm /usr/local/lib/node_modules/connect is being purged from base /usr/local
105 verbose gentlyRm don't care about contents; nuking /usr/local/lib/node_modules/connect
