0 info it worked if it ends with ok
1 verbose cli [ 'C:\\Program Files (x86)\\nodejs\\\\node.exe',
1 verbose cli   'C:\\Program Files (x86)\\nodejs\\node_modules\\npm\\bin\\npm-cli.js',
1 verbose cli   'install' ]
2 info using npm@1.1.32
3 info using node@v0.8.0
4 verbose node symlink C:\Program Files (x86)\nodejs\\node.exe
5 verbose config file C:\Users\U371860\.npmrc
6 verbose config file C:\Program Files (x86)\nodejs\etc\npmrc
7 verbose config file C:\Program Files (x86)\nodejs\node_modules\npm\npmrc
8 verbose read json c:\Nasir\nodejs\todo\package.json
9 verbose readDependencies using package.json deps
10 verbose install where, deps [ 'c:\\Nasir\\nodejs\\todo',
10 verbose install   [ 'express',
10 verbose install     'mongoose',
10 verbose install     'morgan',
10 verbose install     'body-parser',
10 verbose install     'method-override' ] ]
11 verbose from cache c:\Nasir\nodejs\todo\package.json
12 info preinstall node-todo@0.0.0
13 verbose from cache c:\Nasir\nodejs\todo\package.json
14 verbose readDependencies using package.json deps
15 verbose cache add [ 'express@~4.7.2', null ]
16 silly cache add name=undefined spec="express@~4.7.2" args=["express@~4.7.2",null]
17 verbose parsed url { pathname: 'express@~4.7.2',
17 verbose parsed url   path: 'express@~4.7.2',
17 verbose parsed url   href: 'express@~4.7.2' }
18 silly cache add name="express" spec="~4.7.2" args=["express","~4.7.2"]
19 verbose parsed url { pathname: '~4.7.2', path: '~4.7.2', href: '~4.7.2' }
20 verbose addNamed [ 'express', '~4.7.2' ]
21 verbose addNamed [ null, '>=4.7.2- <4.8.0-' ]
22 silly addNameRange { name: 'express', range: '>=4.7.2- <4.8.0-', hasData: false }
23 verbose cache add [ 'mongoose@~3.6.2', null ]
24 silly cache add name=undefined spec="mongoose@~3.6.2" args=["mongoose@~3.6.2",null]
25 verbose parsed url { pathname: 'mongoose@~3.6.2',
25 verbose parsed url   path: 'mongoose@~3.6.2',
25 verbose parsed url   href: 'mongoose@~3.6.2' }
26 silly cache add name="mongoose" spec="~3.6.2" args=["mongoose","~3.6.2"]
27 verbose parsed url { pathname: '~3.6.2', path: '~3.6.2', href: '~3.6.2' }
28 verbose addNamed [ 'mongoose', '~3.6.2' ]
29 verbose addNamed [ null, '>=3.6.2- <3.7.0-' ]
30 silly addNameRange { name: 'mongoose', range: '>=3.6.2- <3.7.0-', hasData: false }
31 verbose cache add [ 'morgan@~1.2.2', null ]
32 silly cache add name=undefined spec="morgan@~1.2.2" args=["morgan@~1.2.2",null]
33 verbose parsed url { pathname: 'morgan@~1.2.2',
33 verbose parsed url   path: 'morgan@~1.2.2',
33 verbose parsed url   href: 'morgan@~1.2.2' }
34 silly cache add name="morgan" spec="~1.2.2" args=["morgan","~1.2.2"]
35 verbose parsed url { pathname: '~1.2.2', path: '~1.2.2', href: '~1.2.2' }
36 verbose addNamed [ 'morgan', '~1.2.2' ]
37 verbose addNamed [ null, '>=1.2.2- <1.3.0-' ]
38 silly addNameRange { name: 'morgan', range: '>=1.2.2- <1.3.0-', hasData: false }
39 verbose cache add [ 'body-parser@~1.5.2', null ]
40 silly cache add name=undefined spec="body-parser@~1.5.2" args=["body-parser@~1.5.2",null]
41 verbose parsed url { pathname: 'body-parser@~1.5.2',
41 verbose parsed url   path: 'body-parser@~1.5.2',
41 verbose parsed url   href: 'body-parser@~1.5.2' }
42 silly cache add name="body-parser" spec="~1.5.2" args=["body-parser","~1.5.2"]
43 verbose parsed url { pathname: '~1.5.2', path: '~1.5.2', href: '~1.5.2' }
44 verbose addNamed [ 'body-parser', '~1.5.2' ]
45 verbose addNamed [ null, '>=1.5.2- <1.6.0-' ]
46 silly addNameRange { name: 'body-parser',
46 silly addNameRange   range: '>=1.5.2- <1.6.0-',
46 silly addNameRange   hasData: false }
47 verbose cache add [ 'method-override@~2.1.2', null ]
48 silly cache add name=undefined spec="method-override@~2.1.2" args=["method-override@~2.1.2",null]
49 verbose parsed url { pathname: 'method-override@~2.1.2',
49 verbose parsed url   path: 'method-override@~2.1.2',
49 verbose parsed url   href: 'method-override@~2.1.2' }
50 silly cache add name="method-override" spec="~2.1.2" args=["method-override","~2.1.2"]
51 verbose parsed url { pathname: '~2.1.2', path: '~2.1.2', href: '~2.1.2' }
52 verbose addNamed [ 'method-override', '~2.1.2' ]
53 verbose addNamed [ null, '>=2.1.2- <2.2.0-' ]
54 silly addNameRange { name: 'method-override',
54 silly addNameRange   range: '>=2.1.2- <2.2.0-',
54 silly addNameRange   hasData: false }
55 verbose url raw express
56 verbose url resolving [ 'https://registry.npmjs.org/', './express' ]
57 verbose url resolved https://registry.npmjs.org/express
58 http GET https://registry.npmjs.org/express
59 verbose url raw mongoose
60 verbose url resolving [ 'https://registry.npmjs.org/', './mongoose' ]
61 verbose url resolved https://registry.npmjs.org/mongoose
62 http GET https://registry.npmjs.org/mongoose
63 verbose url raw morgan
64 verbose url resolving [ 'https://registry.npmjs.org/', './morgan' ]
65 verbose url resolved https://registry.npmjs.org/morgan
66 http GET https://registry.npmjs.org/morgan
67 verbose url raw body-parser
68 verbose url resolving [ 'https://registry.npmjs.org/', './body-parser' ]
69 verbose url resolved https://registry.npmjs.org/body-parser
70 http GET https://registry.npmjs.org/body-parser
71 verbose url raw method-override
72 verbose url resolving [ 'https://registry.npmjs.org/', './method-override' ]
73 verbose url resolved https://registry.npmjs.org/method-override
74 http GET https://registry.npmjs.org/method-override
75 error Error: 15264:error:140770FC:SSL routines:SSL23_GET_SERVER_HELLO:unknown protocol:openssl\ssl\s23_clnt.c:683:
75 error
75 error     at CleartextStream._puller (tls.js:519:24)
75 error     at CleartextStream.CryptoStream._pull (tls.js:453:19)
75 error     at SecurePair.cycle (tls.js:744:20)
75 error     at EncryptedStream.CryptoStream.write (tls.js:131:13)
75 error     at Socket.ondata (stream.js:38:26)
75 error     at Socket.EventEmitter.emit (events.js:88:17)
75 error     at TCP.onread (net.js:397:14)
75 error  [Error: 15264:error:140770FC:SSL routines:SSL23_GET_SERVER_HELLO:unknown protocol:openssl\ssl\s23_clnt.c:683:
75 error ]
76 error You may report this log at:
76 error     <http://github.com/isaacs/npm/issues>
76 error or email it to:
76 error     <npm-@googlegroups.com>
77 error System Windows_NT 6.1.7601
78 error command "C:\\Program Files (x86)\\nodejs\\\\node.exe" "C:\\Program Files (x86)\\nodejs\\node_modules\\npm\\bin\\npm-cli.js" "install"
79 error cwd c:\Nasir\nodejs\todo
80 error node -v v0.8.0
81 error npm -v 1.1.32
82 error message 15264:error:140770FC:SSL routines:SSL23_GET_SERVER_HELLO:unknown protocol:openssl\ssl\s23_clnt.c:683:
83 verbose exit [ 1, true ]
